\\VMWFIL03\STUDENTS$\1000794\DESKTOP\OOZE 3.85 (STUFF)\OOZE\RELEASE\CAMERA.OBJ
\\vmwfil03\students$\1000794\Desktop\Ooze 3.85 (Stuff)\Ooze\Release\cl.command.1.tlog
\\vmwfil03\students$\1000794\Desktop\Ooze 3.85 (Stuff)\Ooze\Release\CL.read.1.tlog
\\vmwfil03\students$\1000794\Desktop\Ooze 3.85 (Stuff)\Ooze\Release\CL.write.1.tlog
\\vmwfil03\students$\1000794\Desktop\Ooze 3.85 (Stuff)\Ooze\Release\link.command.1.tlog
\\vmwfil03\students$\1000794\Desktop\Ooze 3.85 (Stuff)\Ooze\Release\link.read.1.tlog
\\vmwfil03\students$\1000794\Desktop\Ooze 3.85 (Stuff)\Ooze\Release\link.write.1.tlog
\\vmwfil03\students$\1000794\Desktop\Ooze 3.85 (Stuff)\Ooze\Release\link-cvtres.read.1.tlog
\\vmwfil03\students$\1000794\Desktop\Ooze 3.85 (Stuff)\Ooze\Release\link-cvtres.write.1.tlog
\\VMWFIL03\STUDENTS$\1000794\DESKTOP\OOZE 3.85 (STUFF)\OOZE\RELEASE\MAIN.OBJ
\\vmwfil03\students$\1000794\Desktop\Ooze 3.85 (Stuff)\Ooze\Release\mt.command.1.tlog
\\vmwfil03\students$\1000794\Desktop\Ooze 3.85 (Stuff)\Ooze\Release\mt.read.1.tlog
\\vmwfil03\students$\1000794\Desktop\Ooze 3.85 (Stuff)\Ooze\Release\mt.write.1.tlog
\\VMWFIL03\STUDENTS$\1000794\DESKTOP\OOZE 3.85 (STUFF)\OOZE\RELEASE\OOZE.EXE.INTERMEDIATE.MANIFEST
\\VMWFIL03\STUDENTS$\1000794\DESKTOP\OOZE 3.85 (STUFF)\OOZE\RELEASE\OOZE.RES
\\vmwfil03\students$\1000794\Desktop\Ooze 3.85 (Stuff)\Ooze\Release\rc.command.1.tlog
\\vmwfil03\students$\1000794\Desktop\Ooze 3.85 (Stuff)\Ooze\Release\rc.read.1.tlog
\\vmwfil03\students$\1000794\Desktop\Ooze 3.85 (Stuff)\Ooze\Release\rc.write.1.tlog
\\VMWFIL03\STUDENTS$\1000794\DESKTOP\OOZE 3.85 (STUFF)\OOZE\RELEASE\VC100.PDB
\\VMWFIL03\STUDENTS$\1000794\DESKTOP\OOZE 3.85 (STUFF)\RELEASE\OOZE.EXE
\\VMWFIL03\STUDENTS$\1000794\DESKTOP\OOZE 3.85 (STUFF)\RELEASE\OOZE.PDB
\\VMWFIL03\STUDENTS$\1002182\DESKTOP\OOZE 3.82 (STUFF)\OOZE 3.82 (SOUND IMPLEMENTED)\OOZE\RELEASE\CAMERA.OBJ
\\VMWFIL03\STUDENTS$\1002182\DESKTOP\OOZE 3.82 (STUFF)\OOZE 3.82 (SOUND IMPLEMENTED)\OOZE\RELEASE\MAIN.OBJ
\\VMWFIL03\STUDENTS$\1002182\DESKTOP\OOZE 3.82 (STUFF)\OOZE 3.82 (SOUND IMPLEMENTED)\OOZE\RELEASE\OOZE.EXE.INTERMEDIATE.MANIFEST
\\VMWFIL03\STUDENTS$\1002182\DESKTOP\OOZE 3.82 (STUFF)\OOZE 3.82 (SOUND IMPLEMENTED)\OOZE\RELEASE\OOZE.RES
\\VMWFIL03\STUDENTS$\1002182\DESKTOP\OOZE 3.82 (STUFF)\OOZE 3.82 (SOUND IMPLEMENTED)\OOZE\RELEASE\VC100.PDB
\\VMWFIL03\STUDENTS$\1002182\DESKTOP\OOZE 3.82 (STUFF)\OOZE 3.82 (SOUND IMPLEMENTED)\RELEASE\OOZE.EXE
\\VMWFIL03\STUDENTS$\1002182\DESKTOP\OOZE 3.82 (STUFF)\OOZE 3.82 (SOUND IMPLEMENTED)\RELEASE\OOZE.PDB
