Build started 14/03/2013 14:52:36.
     1>Project "C:\Users\Dallas\Desktop\Ooze Engine v3.6 (Menus, animation, worldmap)\Ooze Engine v3.6 (Menus, animation, worldmap)\Ooze\Ooze.vcxproj" on node 2 (build target(s)).
     1>InitializeBuildStatus:
         Creating "Debug\Ooze.unsuccessfulbuild" because "AlwaysCreate" was specified.
       ClCompile:
         c:\Program Files (x86)\Microsoft Visual Studio 10.0\VC\bin\CL.exe /c /ZI /nologo /W3 /WX- /Od /Oy- /D _MBCS /Gm /EHsc /RTC1 /MDd /GS /fp:precise /Zc:wchar_t /Zc:forScope /Fo"Debug\\" /Fd"Debug\vc100.pdb" /Gd /TP /analyze- /errorReport:prompt ..\Source\camera.cpp ..\Source\main.cpp
         main.cpp
     1>c:\users\dallas\desktop\ooze engine v3.6 (menus, animation, worldmap)\ooze engine v3.6 (menus, animation, worldmap)\source\tga.h(99): warning C4244: '=' : conversion from 'std::streamoff' to 'unsigned long', possible loss of data
     1>c:\users\dallas\desktop\ooze engine v3.6 (menus, animation, worldmap)\ooze engine v3.6 (menus, animation, worldmap)\source\spriteclass.h(70): warning C4244: '=' : conversion from 'int' to 'float', possible loss of data
     1>c:\users\dallas\desktop\ooze engine v3.6 (menus, animation, worldmap)\ooze engine v3.6 (menus, animation, worldmap)\source\spriteclass.h(72): warning C4244: '=' : conversion from 'int' to 'float', possible loss of data
     1>c:\users\dallas\desktop\ooze engine v3.6 (menus, animation, worldmap)\ooze engine v3.6 (menus, animation, worldmap)\source\spriteclass.h(97): warning C4244: '=' : conversion from 'int' to 'float', possible loss of data
     1>c:\users\dallas\desktop\ooze engine v3.6 (menus, animation, worldmap)\ooze engine v3.6 (menus, animation, worldmap)\source\spriteclass.h(98): warning C4244: '=' : conversion from 'int' to 'float', possible loss of data
     1>c:\users\dallas\desktop\ooze engine v3.6 (menus, animation, worldmap)\ooze engine v3.6 (menus, animation, worldmap)\source\spriteclass.h(107): warning C4244: '=' : conversion from 'int' to 'float', possible loss of data
     1>c:\users\dallas\desktop\ooze engine v3.6 (menus, animation, worldmap)\ooze engine v3.6 (menus, animation, worldmap)\source\spriteclass.h(108): warning C4244: '=' : conversion from 'int' to 'float', possible loss of data
     1>c:\users\dallas\desktop\ooze engine v3.6 (menus, animation, worldmap)\ooze engine v3.6 (menus, animation, worldmap)\source\spriteclass.h(134): warning C4244: '=' : conversion from 'double' to 'float', possible loss of data
     1>c:\users\dallas\desktop\ooze engine v3.6 (menus, animation, worldmap)\ooze engine v3.6 (menus, animation, worldmap)\source\spriteclass.h(136): warning C4244: '=' : conversion from 'double' to 'float', possible loss of data
     1>c:\users\dallas\desktop\ooze engine v3.6 (menus, animation, worldmap)\ooze engine v3.6 (menus, animation, worldmap)\source\spriteclass.h(140): warning C4244: '=' : conversion from 'double' to 'float', possible loss of data
     1>c:\users\dallas\desktop\ooze engine v3.6 (menus, animation, worldmap)\ooze engine v3.6 (menus, animation, worldmap)\source\spriteclass.h(142): warning C4244: '=' : conversion from 'double' to 'float', possible loss of data
     1>c:\users\dallas\desktop\ooze engine v3.6 (menus, animation, worldmap)\ooze engine v3.6 (menus, animation, worldmap)\source\spriteclass.h(146): warning C4244: '=' : conversion from 'double' to 'float', possible loss of data
     1>c:\users\dallas\desktop\ooze engine v3.6 (menus, animation, worldmap)\ooze engine v3.6 (menus, animation, worldmap)\source\spriteclass.h(148): warning C4244: '=' : conversion from 'double' to 'float', possible loss of data
     1>c:\users\dallas\desktop\ooze engine v3.6 (menus, animation, worldmap)\ooze engine v3.6 (menus, animation, worldmap)\source\spriteclass.h(152): warning C4244: '=' : conversion from 'double' to 'float', possible loss of data
     1>c:\users\dallas\desktop\ooze engine v3.6 (menus, animation, worldmap)\ooze engine v3.6 (menus, animation, worldmap)\source\spriteclass.h(154): warning C4244: '=' : conversion from 'double' to 'float', possible loss of data
     1>c:\users\dallas\desktop\ooze engine v3.6 (menus, animation, worldmap)\ooze engine v3.6 (menus, animation, worldmap)\source\spriteclass.h(219): warning C4244: 'argument' : conversion from 'float' to 'GLint', possible loss of data
     1>c:\users\dallas\desktop\ooze engine v3.6 (menus, animation, worldmap)\ooze engine v3.6 (menus, animation, worldmap)\source\spriteclass.h(219): warning C4244: 'argument' : conversion from 'float' to 'GLint', possible loss of data
     1>c:\users\dallas\desktop\ooze engine v3.6 (menus, animation, worldmap)\ooze engine v3.6 (menus, animation, worldmap)\source\spriteclass.h(220): warning C4244: 'argument' : conversion from 'float' to 'GLint', possible loss of data
     1>c:\users\dallas\desktop\ooze engine v3.6 (menus, animation, worldmap)\ooze engine v3.6 (menus, animation, worldmap)\source\spriteclass.h(220): warning C4244: 'argument' : conversion from 'float' to 'GLint', possible loss of data
     1>c:\users\dallas\desktop\ooze engine v3.6 (menus, animation, worldmap)\ooze engine v3.6 (menus, animation, worldmap)\source\spriteclass.h(221): warning C4244: 'argument' : conversion from 'float' to 'GLint', possible loss of data
     1>c:\users\dallas\desktop\ooze engine v3.6 (menus, animation, worldmap)\ooze engine v3.6 (menus, animation, worldmap)\source\spriteclass.h(221): warning C4244: 'argument' : conversion from 'float' to 'GLint', possible loss of data
     1>c:\users\dallas\desktop\ooze engine v3.6 (menus, animation, worldmap)\ooze engine v3.6 (menus, animation, worldmap)\source\spriteclass.h(222): warning C4244: 'argument' : conversion from 'float' to 'GLint', possible loss of data
     1>c:\users\dallas\desktop\ooze engine v3.6 (menus, animation, worldmap)\ooze engine v3.6 (menus, animation, worldmap)\source\spriteclass.h(222): warning C4244: 'argument' : conversion from 'float' to 'GLint', possible loss of data
     1>c:\users\dallas\desktop\ooze engine v3.6 (menus, animation, worldmap)\ooze engine v3.6 (menus, animation, worldmap)\source\spriteclass.h(227): warning C4244: 'argument' : conversion from 'float' to 'GLint', possible loss of data
     1>c:\users\dallas\desktop\ooze engine v3.6 (menus, animation, worldmap)\ooze engine v3.6 (menus, animation, worldmap)\source\spriteclass.h(227): warning C4244: 'argument' : conversion from 'float' to 'GLint', possible loss of data
     1>c:\users\dallas\desktop\ooze engine v3.6 (menus, animation, worldmap)\ooze engine v3.6 (menus, animation, worldmap)\source\spriteclass.h(228): warning C4244: 'argument' : conversion from 'float' to 'GLint', possible loss of data
     1>c:\users\dallas\desktop\ooze engine v3.6 (menus, animation, worldmap)\ooze engine v3.6 (menus, animation, worldmap)\source\spriteclass.h(228): warning C4244: 'argument' : conversion from 'float' to 'GLint', possible loss of data
     1>c:\users\dallas\desktop\ooze engine v3.6 (menus, animation, worldmap)\ooze engine v3.6 (menus, animation, worldmap)\source\spriteclass.h(229): warning C4244: 'argument' : conversion from 'float' to 'GLint', possible loss of data
     1>c:\users\dallas\desktop\ooze engine v3.6 (menus, animation, worldmap)\ooze engine v3.6 (menus, animation, worldmap)\source\spriteclass.h(229): warning C4244: 'argument' : conversion from 'float' to 'GLint', possible loss of data
     1>c:\users\dallas\desktop\ooze engine v3.6 (menus, animation, worldmap)\ooze engine v3.6 (menus, animation, worldmap)\source\spriteclass.h(230): warning C4244: 'argument' : conversion from 'float' to 'GLint', possible loss of data
     1>c:\users\dallas\desktop\ooze engine v3.6 (menus, animation, worldmap)\ooze engine v3.6 (menus, animation, worldmap)\source\spriteclass.h(230): warning C4244: 'argument' : conversion from 'float' to 'GLint', possible loss of data
     1>c:\users\dallas\desktop\ooze engine v3.6 (menus, animation, worldmap)\ooze engine v3.6 (menus, animation, worldmap)\source\buildings.h(93): warning C4244: 'argument' : conversion from 'float' to 'int', possible loss of data
     1>c:\users\dallas\desktop\ooze engine v3.6 (menus, animation, worldmap)\ooze engine v3.6 (menus, animation, worldmap)\source\buildings.h(93): warning C4244: 'argument' : conversion from 'float' to 'int', possible loss of data
     1>c:\users\dallas\desktop\ooze engine v3.6 (menus, animation, worldmap)\ooze engine v3.6 (menus, animation, worldmap)\source\buildings.h(93): warning C4244: 'argument' : conversion from 'float' to 'int', possible loss of data
     1>c:\users\dallas\desktop\ooze engine v3.6 (menus, animation, worldmap)\ooze engine v3.6 (menus, animation, worldmap)\source\buildings.h(101): warning C4244: 'argument' : conversion from 'float' to 'int', possible loss of data
     1>c:\users\dallas\desktop\ooze engine v3.6 (menus, animation, worldmap)\ooze engine v3.6 (menus, animation, worldmap)\source\buildings.h(101): warning C4244: 'argument' : conversion from 'float' to 'int', possible loss of data
     1>c:\users\dallas\desktop\ooze engine v3.6 (menus, animation, worldmap)\ooze engine v3.6 (menus, animation, worldmap)\source\buildings.h(101): warning C4244: 'argument' : conversion from 'float' to 'int', possible loss of data
     1>c:\users\dallas\desktop\ooze engine v3.6 (menus, animation, worldmap)\ooze engine v3.6 (menus, animation, worldmap)\source\buildings.h(109): warning C4244: 'argument' : conversion from 'float' to 'int', possible loss of data
     1>c:\users\dallas\desktop\ooze engine v3.6 (menus, animation, worldmap)\ooze engine v3.6 (menus, animation, worldmap)\source\buildings.h(109): warning C4244: 'argument' : conversion from 'float' to 'int', possible loss of data
     1>c:\users\dallas\desktop\ooze engine v3.6 (menus, animation, worldmap)\ooze engine v3.6 (menus, animation, worldmap)\source\buildings.h(109): warning C4244: 'argument' : conversion from 'float' to 'int', possible loss of data
     1>c:\users\dallas\desktop\ooze engine v3.6 (menus, animation, worldmap)\ooze engine v3.6 (menus, animation, worldmap)\source\buildings.h(117): warning C4244: 'argument' : conversion from 'float' to 'int', possible loss of data
     1>c:\users\dallas\desktop\ooze engine v3.6 (menus, animation, worldmap)\ooze engine v3.6 (menus, animation, worldmap)\source\buildings.h(117): warning C4244: 'argument' : conversion from 'float' to 'int', possible loss of data
     1>c:\users\dallas\desktop\ooze engine v3.6 (menus, animation, worldmap)\ooze engine v3.6 (menus, animation, worldmap)\source\buildings.h(117): warning C4244: 'argument' : conversion from 'float' to 'int', possible loss of data
     1>c:\users\dallas\desktop\ooze engine v3.6 (menus, animation, worldmap)\ooze engine v3.6 (menus, animation, worldmap)\source\buildings.h(125): warning C4244: 'argument' : conversion from 'float' to 'int', possible loss of data
     1>c:\users\dallas\desktop\ooze engine v3.6 (menus, animation, worldmap)\ooze engine v3.6 (menus, animation, worldmap)\source\buildings.h(125): warning C4244: 'argument' : conversion from 'float' to 'int', possible loss of data
     1>c:\users\dallas\desktop\ooze engine v3.6 (menus, animation, worldmap)\ooze engine v3.6 (menus, animation, worldmap)\source\buildings.h(125): warning C4244: 'argument' : conversion from 'float' to 'int', possible loss of data
     1>c:\users\dallas\desktop\ooze engine v3.6 (menus, animation, worldmap)\ooze engine v3.6 (menus, animation, worldmap)\source\characters.h(83): warning C4244: 'argument' : conversion from 'float' to 'int', possible loss of data
     1>c:\users\dallas\desktop\ooze engine v3.6 (menus, animation, worldmap)\ooze engine v3.6 (menus, animation, worldmap)\source\characters.h(83): warning C4244: 'argument' : conversion from 'float' to 'int', possible loss of data
     1>c:\users\dallas\desktop\ooze engine v3.6 (menus, animation, worldmap)\ooze engine v3.6 (menus, animation, worldmap)\source\characters.h(83): warning C4244: 'argument' : conversion from 'float' to 'int', possible loss of data
     1>c:\users\dallas\desktop\ooze engine v3.6 (menus, animation, worldmap)\ooze engine v3.6 (menus, animation, worldmap)\source\characters.h(91): warning C4244: 'argument' : conversion from 'float' to 'int', possible loss of data
     1>c:\users\dallas\desktop\ooze engine v3.6 (menus, animation, worldmap)\ooze engine v3.6 (menus, animation, worldmap)\source\characters.h(91): warning C4244: 'argument' : conversion from 'float' to 'int', possible loss of data
     1>c:\users\dallas\desktop\ooze engine v3.6 (menus, animation, worldmap)\ooze engine v3.6 (menus, animation, worldmap)\source\characters.h(91): warning C4244: 'argument' : conversion from 'float' to 'int', possible loss of data
     1>c:\users\dallas\desktop\ooze engine v3.6 (menus, animation, worldmap)\ooze engine v3.6 (menus, animation, worldmap)\source\characters.h(99): warning C4244: 'argument' : conversion from 'float' to 'int', possible loss of data
     1>c:\users\dallas\desktop\ooze engine v3.6 (menus, animation, worldmap)\ooze engine v3.6 (menus, animation, worldmap)\source\characters.h(99): warning C4244: 'argument' : conversion from 'float' to 'int', possible loss of data
     1>c:\users\dallas\desktop\ooze engine v3.6 (menus, animation, worldmap)\ooze engine v3.6 (menus, animation, worldmap)\source\characters.h(99): warning C4244: 'argument' : conversion from 'float' to 'int', possible loss of data
     1>c:\users\dallas\desktop\ooze engine v3.6 (menus, animation, worldmap)\ooze engine v3.6 (menus, animation, worldmap)\source\main.cpp(317): warning C4244: 'argument' : conversion from 'float' to 'int', possible loss of data
     1>c:\users\dallas\desktop\ooze engine v3.6 (menus, animation, worldmap)\ooze engine v3.6 (menus, animation, worldmap)\source\main.cpp(317): warning C4244: 'argument' : conversion from 'float' to 'int', possible loss of data
     1>c:\users\dallas\desktop\ooze engine v3.6 (menus, animation, worldmap)\ooze engine v3.6 (menus, animation, worldmap)\source\main.cpp(317): warning C4244: 'argument' : conversion from 'float' to 'int', possible loss of data
         camera.cpp
         Generating Code...
       ResourceCompile:
         All outputs are up-to-date.
       Link:
         c:\Program Files (x86)\Microsoft Visual Studio 10.0\VC\bin\link.exe /ERRORREPORT:PROMPT /OUT:"C:\Users\Dallas\Desktop\Ooze Engine v3.6 (Menus, animation, worldmap)\Ooze Engine v3.6 (Menus, animation, worldmap)\Debug\Ooze.exe" /NOLOGO OpenGL32.lib GLu32.lib odbc32.lib odbccp32.lib kernel32.lib user32.lib gdi32.lib winspool.lib comdlg32.lib advapi32.lib shell32.lib ole32.lib oleaut32.lib uuid.lib odbc32.lib odbccp32.lib /MANIFEST /ManifestFile:"Debug\Ooze.exe.intermediate.manifest" /MANIFESTUAC:"level='asInvoker' uiAccess='false'" /DEBUG /PDB:"C:\Users\Dallas\Desktop\Ooze Engine v3.6 (Menus, animation, worldmap)\Ooze Engine v3.6 (Menus, animation, worldmap)\Debug\Ooze.pdb" /TLBID:1 /DYNAMICBASE /NXCOMPAT /IMPLIB:"C:\Users\Dallas\Desktop\Ooze Engine v3.6 (Menus, animation, worldmap)\Ooze Engine v3.6 (Menus, animation, worldmap)\Debug\Ooze.lib" /MACHINE:X86 Debug\Ooze.res
         Debug\camera.obj
         Debug\main.obj
         LINK : C:\Users\Dallas\Desktop\Ooze Engine v3.6 (Menus, animation, worldmap)\Ooze Engine v3.6 (Menus, animation, worldmap)\Debug\Ooze.exe not found or not built by the last incremental link; performing full link
         Ooze.vcxproj -> C:\Users\Dallas\Desktop\Ooze Engine v3.6 (Menus, animation, worldmap)\Ooze Engine v3.6 (Menus, animation, worldmap)\Debug\Ooze.exe
       Manifest:
         C:\Program Files (x86)\Microsoft SDKs\Windows\v7.0A\bin\mt.exe /nologo /verbose /outputresource:"C:\Users\Dallas\Desktop\Ooze Engine v3.6 (Menus, animation, worldmap)\Ooze Engine v3.6 (Menus, animation, worldmap)\Debug\Ooze.exe;#1" /manifest Debug\Ooze.exe.intermediate.manifest
       FinalizeBuildStatus:
         Deleting file "Debug\Ooze.unsuccessfulbuild".
         Touching "Debug\Ooze.lastbuildstate".
     1>Done Building Project "C:\Users\Dallas\Desktop\Ooze Engine v3.6 (Menus, animation, worldmap)\Ooze Engine v3.6 (Menus, animation, worldmap)\Ooze\Ooze.vcxproj" (build target(s)).

Build succeeded.

Time Elapsed 00:00:02.63
